<?xml version="1.0" encoding="UTF-8"?>
<!-- Generated by org.testng.reporters.JUnitReportReporter -->
<testsuite skipped="0" hostname="Latitude-3490" name="test.sample" tests="3" failures="0" timestamp="2020-07-10T15:06:17 IST" time="7.467" errors="0">
  <testcase name="youtubeOpen" time="3.007" classname="test.sample"/>
  <system-out/>
  <testcase name="youtubeOpen" time="2.698" classname="test.sample"/>
  <system-out/>
  <testcase name="launchbrowser" time="1.762" classname="test.sample"/>
  <system-out/>
</testsuite> <!-- test.sample -->
